<?xml version="1.0" encoding="UTF-8"?>
<!-- Generated by org.testng.reporters.JUnitReportReporter -->
<testsuite skipped="0" hostname="sachin-PC" name="com.qa.test.DemoTest1" tests="4" failures="0" timestamp="2021-01-30T15:57:17 IST" time="0.005" errors="0">
  <testcase name="sum" time="0.000" classname="com.qa.test.DemoTest1"/>
  <system-out/>
  <testcase name="sub" time="0.000" classname="com.qa.test.DemoTest1"/>
  <system-out/>
  <testcase name="div" time="0.005" classname="com.qa.test.DemoTest1"/>
  <system-out/>
  <testcase name="mul" time="0.000" classname="com.qa.test.DemoTest1"/>
  <system-out/>
</testsuite> <!-- com.qa.test.DemoTest1 -->
