<?xml version="1.0" encoding="UTF-8"?>
<!-- Generated by org.testng.reporters.JUnitReportReporter -->
<testsuite skipped="0" hostname="sachin-PC" name="com.qa.test.DemoTest" tests="4" failures="0" timestamp="2021-01-31T12:55:41 IST" time="0.010" errors="0">
  <testcase name="div" time="0.007" classname="com.qa.test.DemoTest"/>
  <system-out/>
  <testcase name="sum" time="0.001" classname="com.qa.test.DemoTest"/>
  <system-out/>
  <testcase name="mul" time="0.001" classname="com.qa.test.DemoTest"/>
  <system-out/>
  <testcase name="sub" time="0.001" classname="com.qa.test.DemoTest"/>
  <system-out/>
</testsuite> <!-- com.qa.test.DemoTest -->
